<?xml version="1.0" encoding="UTF-8"?>
<testsuite name="com.application.WalletControllerTests" tests="1" skipped="0" failures="0" errors="0" timestamp="2023-03-01T19:28:18" hostname="RAJATs-Air" time="0.835">
  <properties/>
  <testcase name="addFundsToWalletByIdTest()" classname="com.application.WalletControllerTests" time="0.835"/>
  <system-out><![CDATA[00:58:08.708 [Test worker] DEBUG org.springframework.test.context.BootstrapUtils - Instantiating CacheAwareContextLoaderDelegate from class [org.springframework.test.context.cache.DefaultCacheAwareContextLoaderDelegate]
00:58:08.721 [Test worker] DEBUG org.springframework.test.context.BootstrapUtils - Instantiating BootstrapContext using constructor [public org.springframework.test.context.support.DefaultBootstrapContext(java.lang.Class,org.springframework.test.context.CacheAwareContextLoaderDelegate)]
00:58:08.763 [Test worker] DEBUG org.springframework.test.context.BootstrapUtils - Instantiating TestContextBootstrapper for test class [com.application.WalletControllerTests] from class [org.springframework.boot.test.context.SpringBootTestContextBootstrapper]
00:58:08.777 [Test worker] INFO org.springframework.boot.test.context.SpringBootTestContextBootstrapper - Neither @ContextConfiguration nor @ContextHierarchy found for test class [com.application.WalletControllerTests], using SpringBootContextLoader
00:58:08.784 [Test worker] DEBUG org.springframework.test.context.support.AbstractContextLoader - Did not detect default resource location for test class [com.application.WalletControllerTests]: class path resource [com/application/WalletControllerTests-context.xml] does not exist
00:58:08.785 [Test worker] DEBUG org.springframework.test.context.support.AbstractContextLoader - Did not detect default resource location for test class [com.application.WalletControllerTests]: class path resource [com/application/WalletControllerTestsContext.groovy] does not exist
00:58:08.786 [Test worker] INFO org.springframework.test.context.support.AbstractContextLoader - Could not detect default resource locations for test class [com.application.WalletControllerTests]: no resource found for suffixes {-context.xml, Context.groovy}.
00:58:08.788 [Test worker] INFO org.springframework.test.context.support.AnnotationConfigContextLoaderUtils - Could not detect default configuration classes for test class [com.application.WalletControllerTests]: WalletControllerTests does not declare any static, non-private, non-final, nested classes annotated with @Configuration.
00:58:08.861 [Test worker] DEBUG org.springframework.test.context.support.ActiveProfilesUtils - Could not find an 'annotation declaring class' for annotation type [org.springframework.test.context.ActiveProfiles] and class [com.application.WalletControllerTests]
00:58:08.961 [Test worker] DEBUG org.springframework.context.annotation.ClassPathScanningCandidateComponentProvider - Identified candidate component class: file [/Users/rajatgarg/Desktop/WalletJpaSpringBoot/build/classes/java/main/com/application/WalletJpaApplication.class]
00:58:09.022 [Test worker] INFO org.springframework.boot.test.context.SpringBootTestContextBootstrapper - Found @SpringBootConfiguration com.application.WalletJpaApplication for test class com.application.WalletControllerTests
00:58:09.161 [Test worker] DEBUG org.springframework.boot.test.context.SpringBootTestContextBootstrapper - @TestExecutionListeners is not present for class [com.application.WalletControllerTests]: using defaults.
00:58:09.162 [Test worker] INFO org.springframework.boot.test.context.SpringBootTestContextBootstrapper - Loaded default TestExecutionListener class names from location [META-INF/spring.factories]: [org.springframework.boot.test.autoconfigure.restdocs.RestDocsTestExecutionListener, org.springframework.boot.test.autoconfigure.web.client.MockRestServiceServerResetTestExecutionListener, org.springframework.boot.test.autoconfigure.web.servlet.MockMvcPrintOnlyOnFailureTestExecutionListener, org.springframework.boot.test.autoconfigure.web.servlet.WebDriverTestExecutionListener, org.springframework.boot.test.autoconfigure.webservices.client.MockWebServiceServerTestExecutionListener, org.springframework.boot.test.mock.mockito.MockitoTestExecutionListener, org.springframework.boot.test.mock.mockito.ResetMocksTestExecutionListener, org.springframework.test.context.web.ServletTestExecutionListener, org.springframework.test.context.support.DirtiesContextBeforeModesTestExecutionListener, org.springframework.test.context.event.ApplicationEventsTestExecutionListener, org.springframework.test.context.support.DependencyInjectionTestExecutionListener, org.springframework.test.context.support.DirtiesContextTestExecutionListener, org.springframework.test.context.transaction.TransactionalTestExecutionListener, org.springframework.test.context.jdbc.SqlScriptsTestExecutionListener, org.springframework.test.context.event.EventPublishingTestExecutionListener]
00:58:09.184 [Test worker] INFO org.springframework.boot.test.context.SpringBootTestContextBootstrapper - Using TestExecutionListeners: [org.springframework.test.context.web.ServletTestExecutionListener@533377b, org.springframework.test.context.support.DirtiesContextBeforeModesTestExecutionListener@3383649e, org.springframework.test.context.event.ApplicationEventsTestExecutionListener@10fde30a, org.springframework.boot.test.mock.mockito.MockitoTestExecutionListener@f27ea3, org.springframework.boot.test.autoconfigure.SpringBootDependencyInjectionTestExecutionListener@1ce61929, org.springframework.test.context.support.DirtiesContextTestExecutionListener@346939bf, org.springframework.test.context.transaction.TransactionalTestExecutionListener@4bf3798b, org.springframework.test.context.jdbc.SqlScriptsTestExecutionListener@58670130, org.springframework.test.context.event.EventPublishingTestExecutionListener@74e47444, org.springframework.boot.test.autoconfigure.restdocs.RestDocsTestExecutionListener@9bd0fa6, org.springframework.boot.test.autoconfigure.web.client.MockRestServiceServerResetTestExecutionListener@59d2103b, org.springframework.boot.test.autoconfigure.web.servlet.MockMvcPrintOnlyOnFailureTestExecutionListener@39dcf4b0, org.springframework.boot.test.autoconfigure.web.servlet.WebDriverTestExecutionListener@6e4de19b, org.springframework.boot.test.autoconfigure.webservices.client.MockWebServiceServerTestExecutionListener@f6c03cb, org.springframework.boot.test.mock.mockito.ResetMocksTestExecutionListener@46f699d5]
00:58:09.191 [Test worker] DEBUG org.springframework.test.context.support.AbstractDirtiesContextTestExecutionListener - Before test class: context [DefaultTestContext@72a85671 testClass = WalletControllerTests, testInstance = [null], testMethod = [null], testException = [null], mergedContextConfiguration = [WebMergedContextConfiguration@6722db6e testClass = WalletControllerTests, locations = '{}', classes = '{class com.application.WalletJpaApplication}', contextInitializerClasses = '[]', activeProfiles = '{}', propertySourceLocations = '{}', propertySourceProperties = '{org.springframework.boot.test.context.SpringBootTestContextBootstrapper=true, server.port=0}', contextCustomizers = set[org.springframework.boot.test.autoconfigure.actuate.metrics.MetricsExportContextCustomizerFactory$DisableMetricExportContextCustomizer@130e116b, org.springframework.boot.test.autoconfigure.properties.PropertyMappingContextCustomizer@0, org.springframework.boot.test.autoconfigure.web.servlet.WebDriverContextCustomizerFactory$Customizer@13ad5cd3, org.springframework.boot.test.context.filter.ExcludeFilterContextCustomizer@6581dc0a, org.springframework.boot.test.json.DuplicateJsonObjectContextCustomizerFactory$DuplicateJsonObjectContextCustomizer@77128536, org.springframework.boot.test.mock.mockito.MockitoContextCustomizer@0, org.springframework.boot.test.web.client.TestRestTemplateContextCustomizer@29526c05, org.springframework.boot.test.context.SpringBootTestArgs@1, org.springframework.boot.test.context.SpringBootTestWebEnvironment@157853da], resourceBasePath = 'src/main/webapp', contextLoader = 'org.springframework.boot.test.context.SpringBootContextLoader', parent = [null]], attributes = map['org.springframework.test.context.web.ServletTestExecutionListener.activateListener' -> false]], class annotated with @DirtiesContext [false] with mode [null].
00:58:09.213 [Test worker] DEBUG org.springframework.test.context.support.DependencyInjectionTestExecutionListener - Performing dependency injection for test context [[DefaultTestContext@72a85671 testClass = WalletControllerTests, testInstance = com.application.WalletControllerTests@43b4fe19, testMethod = [null], testException = [null], mergedContextConfiguration = [WebMergedContextConfiguration@6722db6e testClass = WalletControllerTests, locations = '{}', classes = '{class com.application.WalletJpaApplication}', contextInitializerClasses = '[]', activeProfiles = '{}', propertySourceLocations = '{}', propertySourceProperties = '{org.springframework.boot.test.context.SpringBootTestContextBootstrapper=true, server.port=0}', contextCustomizers = set[org.springframework.boot.test.autoconfigure.actuate.metrics.MetricsExportContextCustomizerFactory$DisableMetricExportContextCustomizer@130e116b, org.springframework.boot.test.autoconfigure.properties.PropertyMappingContextCustomizer@0, org.springframework.boot.test.autoconfigure.web.servlet.WebDriverContextCustomizerFactory$Customizer@13ad5cd3, org.springframework.boot.test.context.filter.ExcludeFilterContextCustomizer@6581dc0a, org.springframework.boot.test.json.DuplicateJsonObjectContextCustomizerFactory$DuplicateJsonObjectContextCustomizer@77128536, org.springframework.boot.test.mock.mockito.MockitoContextCustomizer@0, org.springframework.boot.test.web.client.TestRestTemplateContextCustomizer@29526c05, org.springframework.boot.test.context.SpringBootTestArgs@1, org.springframework.boot.test.context.SpringBootTestWebEnvironment@157853da], resourceBasePath = 'src/main/webapp', contextLoader = 'org.springframework.boot.test.context.SpringBootContextLoader', parent = [null]], attributes = map['org.springframework.test.context.web.ServletTestExecutionListener.activateListener' -> false, 'org.springframework.test.context.event.ApplicationEventsTestExecutionListener.recordApplicationEvents' -> false]]].

  .   ____          _            __ _ _
 /\\ / ___'_ __ _ _(_)_ __  __ _ \ \ \ \
( ( )\___ | '_ | '_| | '_ \/ _` | \ \ \ \
 \\/  ___)| |_)| | | | | || (_| |  ) ) ) )
  '  |____| .__|_| |_|_| |_\__, | / / / /
 =========|_|==============|___/=/_/_/_/
 :: Spring Boot ::                (v2.7.8)

2023-03-02 00:58:09.741  INFO 27882 --- [    Test worker] com.application.WalletControllerTests    : Starting WalletControllerTests using Java 15.0.1 on RAJATs-Air with PID 27882 (started by rajatgarg in /Users/rajatgarg/Desktop/WalletJpaSpringBoot)
2023-03-02 00:58:09.744  INFO 27882 --- [    Test worker] com.application.WalletControllerTests    : No active profile set, falling back to 1 default profile: "default"
2023-03-02 00:58:11.082  INFO 27882 --- [    Test worker] .s.d.r.c.RepositoryConfigurationDelegate : Bootstrapping Spring Data JPA repositories in DEFAULT mode.
2023-03-02 00:58:11.169  INFO 27882 --- [    Test worker] .s.d.r.c.RepositoryConfigurationDelegate : Finished Spring Data repository scanning in 73 ms. Found 1 JPA repository interfaces.
2023-03-02 00:58:12.265  INFO 27882 --- [    Test worker] o.s.b.w.embedded.tomcat.TomcatWebServer  : Tomcat initialized with port(s): 0 (http)
2023-03-02 00:58:12.279  INFO 27882 --- [    Test worker] o.apache.catalina.core.StandardService   : Starting service [Tomcat]
2023-03-02 00:58:12.280  INFO 27882 --- [    Test worker] org.apache.catalina.core.StandardEngine  : Starting Servlet engine: [Apache Tomcat/9.0.71]
2023-03-02 00:58:12.568  INFO 27882 --- [    Test worker] o.a.c.c.C.[Tomcat].[localhost].[/]       : Initializing Spring embedded WebApplicationContext
2023-03-02 00:58:12.569  INFO 27882 --- [    Test worker] w.s.c.ServletWebServerApplicationContext : Root WebApplicationContext: initialization completed in 2783 ms
2023-03-02 00:58:12.654  INFO 27882 --- [    Test worker] com.zaxxer.hikari.HikariDataSource       : HikariPool-1 - Starting...
2023-03-02 00:58:13.012  INFO 27882 --- [    Test worker] com.zaxxer.hikari.HikariDataSource       : HikariPool-1 - Start completed.
2023-03-02 00:58:13.032  INFO 27882 --- [    Test worker] o.s.b.a.h2.H2ConsoleAutoConfiguration    : H2 console available at '/h2-console'. Database available at 'jdbc:h2:file:c:/data/test'
2023-03-02 00:58:13.379  INFO 27882 --- [    Test worker] o.hibernate.jpa.internal.util.LogHelper  : HHH000204: Processing PersistenceUnitInfo [name: default]
2023-03-02 00:58:13.459  INFO 27882 --- [    Test worker] org.hibernate.Version                    : HHH000412: Hibernate ORM core version 5.6.14.Final
2023-03-02 00:58:13.740  INFO 27882 --- [    Test worker] o.hibernate.annotations.common.Version   : HCANN000001: Hibernate Commons Annotations {5.1.2.Final}
2023-03-02 00:58:13.905  INFO 27882 --- [    Test worker] org.hibernate.dialect.Dialect            : HHH000400: Using dialect: org.hibernate.dialect.H2Dialect
2023-03-02 00:58:14.806  INFO 27882 --- [    Test worker] o.h.e.t.j.p.i.JtaPlatformInitiator       : HHH000490: Using JtaPlatform implementation: [org.hibernate.engine.transaction.jta.platform.internal.NoJtaPlatform]
2023-03-02 00:58:14.819  INFO 27882 --- [    Test worker] j.LocalContainerEntityManagerFactoryBean : Initialized JPA EntityManagerFactory for persistence unit 'default'
2023-03-02 00:58:16.004  WARN 27882 --- [    Test worker] JpaBaseConfiguration$JpaWebConfiguration : spring.jpa.open-in-view is enabled by default. Therefore, database queries may be performed during view rendering. Explicitly configure spring.jpa.open-in-view to disable this warning
2023-03-02 00:58:18.812  INFO 27882 --- [    Test worker] o.s.b.w.embedded.tomcat.TomcatWebServer  : Tomcat started on port(s): 51892 (http) with context path ''
2023-03-02 00:58:18.839  INFO 27882 --- [    Test worker] com.application.WalletControllerTests    : Started WalletControllerTests in 9.582 seconds (JVM running for 11.266)
null
2023-03-02 00:58:19.391  INFO 27882 --- [o-auto-1-exec-1] o.a.c.c.C.[Tomcat].[localhost].[/]       : Initializing Spring DispatcherServlet 'dispatcherServlet'
2023-03-02 00:58:19.391  INFO 27882 --- [o-auto-1-exec-1] o.s.web.servlet.DispatcherServlet        : Initializing Servlet 'dispatcherServlet'
2023-03-02 00:58:19.394  INFO 27882 --- [o-auto-1-exec-1] o.s.web.servlet.DispatcherServlet        : Completed initialization in 2 ms
Hibernate: select walletjpad0_.id as id1_0_0_, walletjpad0_.balance as balance2_0_0_, walletjpad0_.name as name3_0_0_ from wallet_jpa_dto walletjpad0_ where walletjpad0_.id=?
Hibernate: select walletjpad0_.id as id1_0_0_, walletjpad0_.balance as balance2_0_0_, walletjpad0_.name as name3_0_0_ from wallet_jpa_dto walletjpad0_ where walletjpad0_.id=?
Hibernate: select walletjpad0_.id as id1_0_0_, walletjpad0_.balance as balance2_0_0_, walletjpad0_.name as name3_0_0_ from wallet_jpa_dto walletjpad0_ where walletjpad0_.id=?
]]></system-out>
  <system-err><![CDATA[]]></system-err>
</testsuite>
